[debug] [2019-07-01T21:23:40.626Z] ----------------------------------------------------------------------
[debug] [2019-07-01T21:23:40.628Z] Command:       /usr/local/bin/node /usr/local/bin/firebase deploy --only functions
[debug] [2019-07-01T21:23:40.629Z] CLI Version:   7.0.0
[debug] [2019-07-01T21:23:40.629Z] Platform:      darwin
[debug] [2019-07-01T21:23:40.629Z] Node Version:  v10.15.0
[debug] [2019-07-01T21:23:40.629Z] Time:          Mon Jul 01 2019 17:23:40 GMT-0400 (Eastern Daylight Time)
[debug] [2019-07-01T21:23:40.630Z] ----------------------------------------------------------------------
[debug] 
[debug] [2019-07-01T21:23:40.640Z] > command requires scopes: ["email","openid","https://www.googleapis.com/auth/cloudplatformprojects.readonly","https://www.googleapis.com/auth/firebase","https://www.googleapis.com/auth/cloud-platform"]
[debug] [2019-07-01T21:23:40.640Z] > authorizing via signed-in user
[debug] [2019-07-01T21:23:40.640Z] [iam] checking project geo-chatters for permissions ["cloudfunctions.functions.create","cloudfunctions.functions.delete","cloudfunctions.functions.get","cloudfunctions.functions.list","cloudfunctions.functions.update","cloudfunctions.operations.get","firebase.projects.get"]
[debug] [2019-07-01T21:23:40.642Z] >>> HTTP REQUEST POST https://cloudresourcemanager.googleapis.com/v1/projects/geo-chatters:testIamPermissions  

[debug] [2019-07-01T21:23:40.784Z] <<< HTTP RESPONSE 200
[info] 
[info] === Deploying to 'geo-chatters'...
[info] 
[info] i  deploying functions
[debug] [2019-07-01T21:23:42.199Z] > [functions] package.json contents: {
  "name": "functions",
  "description": "Cloud Functions for Firebase",
  "scripts": {
    "serve": "firebase serve --only functions",
    "shell": "firebase functions:shell",
    "start": "npm run shell",
    "deploy": "firebase deploy --only functions",
    "logs": "firebase functions:log"
  },
  "engines": {
    "node": "8"
  },
  "dependencies": {
    "firebase-admin": "^8.0.0",
    "firebase-functions": "^3.0.0"
  },
  "devDependencies": {
    "firebase-functions-test": "^0.1.6"
  },
  "private": true
}
[info] i  functions: ensuring necessary APIs are enabled...
[debug] [2019-07-01T21:23:42.201Z] >>> HTTP REQUEST GET https://servicemanagement.googleapis.com/v1/services/cloudfunctions.googleapis.com/projectSettings/geo-chatters?view=CONSUMER_VIEW  
 
[debug] [2019-07-01T21:23:42.203Z] >>> HTTP REQUEST GET https://servicemanagement.googleapis.com/v1/services/runtimeconfig.googleapis.com/projectSettings/geo-chatters?view=CONSUMER_VIEW  
 
[debug] [2019-07-01T21:23:43.127Z] <<< HTTP RESPONSE 200
[debug] [2019-07-01T21:23:43.288Z] <<< HTTP RESPONSE 200
[info] ✔  functions: all necessary APIs are enabled
[debug] [2019-07-01T21:23:43.289Z] >>> HTTP REQUEST GET https://cloudresourcemanager.googleapis.com/v1/projects/geo-chatters  
 
[debug] [2019-07-01T21:23:43.391Z] <<< HTTP RESPONSE 200
[debug] [2019-07-01T21:23:43.391Z] >>> HTTP REQUEST GET https://mobilesdk-pa.googleapis.com/v1/projects/919116950172:getServerAppConfig  
 
[debug] [2019-07-01T21:23:43.500Z] <<< HTTP RESPONSE 200
[info] i  functions: preparing functions directory for uploading...
[debug] [2019-07-01T21:23:43.503Z] >>> HTTP REQUEST GET https://runtimeconfig.googleapis.com/v1beta1/projects/geo-chatters/configs  
 
[debug] [2019-07-01T21:23:44.898Z] <<< HTTP RESPONSE 200
[info] i  functions: packaged functions (25.22 KB) for uploading
[debug] [2019-07-01T21:23:45.144Z] >>> HTTP REQUEST POST https://cloudfunctions.googleapis.com/v1/projects/geo-chatters/locations/us-central1/functions:generateUploadUrl  
 
[debug] [2019-07-01T21:24:26.069Z] <<< HTTP RESPONSE 200
[debug] [2019-07-01T21:24:26.073Z] >>> HTTP REQUEST PUT https://storage.googleapis.com/gcf-upload-us-central1-291264d4-75d6-431f-a165-a68315ba9c6a/38de7b07-3a98-4a7c-84ee-3615e1dcfe81.zip?GoogleAccessId=service-919116950172@gcf-admin-robot.iam.gserviceaccount.com&Expires=1562018186&Signature=LCCH9BK6iR%2FkEZ4KKjPJEq4Y%2FsBVJTDPhOpamJJ3AH1BlXkEQFI0bJiAyFg5E67R%2BaBuos%2BK8%2FleASer1fT%2BjaCqQ3fsOsEAQ4l1LpuSmeY9zhaMaq4bzdgNUJQBu5tZ2QztoHnXxWAf1A8PpKhJA2%2BvuazjqdPeYvsTRKbptudEo0gsHIKUTGs3htaIvDC9swk6WfTCJAKiPcq%2FzJfZ9Adx6GevGy7QKDa%2BK2VGLjKvGSEEOGVMNNA6XKS%2BOoylFbe0QpRi7T2zAngcQW2nIwmrx97eLQm%2F%2BNHjBrKbJSuDLzDKMiRGhy3pyaUZnrxjPlccDc28hZd10DgUodbTuw%3D%3D  

[debug] [2019-07-01T21:24:26.473Z] <<< HTTP RESPONSE 200
[info] ✔  functions: functions folder uploaded successfully
[debug] [2019-07-01T21:24:26.478Z] >>> HTTP REQUEST GET https://cloudfunctions.googleapis.com/v1/projects/geo-chatters/locations/-/functions  
 
[debug] [2019-07-01T21:24:26.884Z] <<< HTTP RESPONSE 200
[info] i  functions: creating Node.js 8 function checkAlias(us-central1)...
[debug] [2019-07-01T21:24:26.889Z] Trigger is:  {"httpsTrigger":{}}
[debug] [2019-07-01T21:24:26.892Z] >>> HTTP REQUEST GET https://servicemanagement.googleapis.com/v1/services/cloudscheduler.googleapis.com/projectSettings/geo-chatters?view=CONSUMER_VIEW  
 
[debug] [2019-07-01T21:24:27.654Z] <<< HTTP RESPONSE 200
[debug] [2019-07-01T21:24:27.657Z] >>> HTTP REQUEST POST https://cloudfunctions.googleapis.com/v1/projects/geo-chatters/locations/us-central1/functions  

[debug] [2019-07-01T21:24:28.111Z] <<< HTTP RESPONSE 200
[debug] [2019-07-01T21:24:28.113Z] >>> HTTP REQUEST GET https://cloudfunctions.googleapis.com/v1/projects/geo-chatters/locations/-/functions  
 
[debug] [2019-07-01T21:24:28.930Z] <<< HTTP RESPONSE 200
[debug] [2019-07-01T21:24:28.931Z] >>> HTTP REQUEST GET https://cloudfunctions.googleapis.com/v1/operations/Z2VvLWNoYXR0ZXJzL3VzLWNlbnRyYWwxL2NoZWNrQWxpYXMvNUVrNUY2ZkRWSlU  
 
[debug] [2019-07-01T21:24:29.048Z] <<< HTTP RESPONSE 200
[debug] [2019-07-01T21:24:31.053Z] >>> HTTP REQUEST GET https://cloudfunctions.googleapis.com/v1/operations/Z2VvLWNoYXR0ZXJzL3VzLWNlbnRyYWwxL2NoZWNrQWxpYXMvNUVrNUY2ZkRWSlU  
 
[debug] [2019-07-01T21:24:31.178Z] <<< HTTP RESPONSE 200
[debug] [2019-07-01T21:24:33.181Z] >>> HTTP REQUEST GET https://cloudfunctions.googleapis.com/v1/operations/Z2VvLWNoYXR0ZXJzL3VzLWNlbnRyYWwxL2NoZWNrQWxpYXMvNUVrNUY2ZkRWSlU  
 
[debug] [2019-07-01T21:24:33.289Z] <<< HTTP RESPONSE 200
[debug] [2019-07-01T21:24:35.290Z] >>> HTTP REQUEST GET https://cloudfunctions.googleapis.com/v1/operations/Z2VvLWNoYXR0ZXJzL3VzLWNlbnRyYWwxL2NoZWNrQWxpYXMvNUVrNUY2ZkRWSlU  
 
[debug] [2019-07-01T21:24:35.400Z] <<< HTTP RESPONSE 200
[debug] [2019-07-01T21:24:37.404Z] >>> HTTP REQUEST GET https://cloudfunctions.googleapis.com/v1/operations/Z2VvLWNoYXR0ZXJzL3VzLWNlbnRyYWwxL2NoZWNrQWxpYXMvNUVrNUY2ZkRWSlU  
 
[debug] [2019-07-01T21:24:37.522Z] <<< HTTP RESPONSE 200
[debug] [2019-07-01T21:24:39.523Z] >>> HTTP REQUEST GET https://cloudfunctions.googleapis.com/v1/operations/Z2VvLWNoYXR0ZXJzL3VzLWNlbnRyYWwxL2NoZWNrQWxpYXMvNUVrNUY2ZkRWSlU  
 
[debug] [2019-07-01T21:24:39.630Z] <<< HTTP RESPONSE 200
[debug] [2019-07-01T21:24:41.636Z] >>> HTTP REQUEST GET https://cloudfunctions.googleapis.com/v1/operations/Z2VvLWNoYXR0ZXJzL3VzLWNlbnRyYWwxL2NoZWNrQWxpYXMvNUVrNUY2ZkRWSlU  
 
[debug] [2019-07-01T21:24:41.755Z] <<< HTTP RESPONSE 200
[debug] [2019-07-01T21:24:43.761Z] >>> HTTP REQUEST GET https://cloudfunctions.googleapis.com/v1/operations/Z2VvLWNoYXR0ZXJzL3VzLWNlbnRyYWwxL2NoZWNrQWxpYXMvNUVrNUY2ZkRWSlU  
 
[debug] [2019-07-01T21:24:43.860Z] <<< HTTP RESPONSE 200
[debug] [2019-07-01T21:24:45.860Z] >>> HTTP REQUEST GET https://cloudfunctions.googleapis.com/v1/operations/Z2VvLWNoYXR0ZXJzL3VzLWNlbnRyYWwxL2NoZWNrQWxpYXMvNUVrNUY2ZkRWSlU  
 
[debug] [2019-07-01T21:24:45.968Z] <<< HTTP RESPONSE 200
[debug] [2019-07-01T21:24:47.969Z] >>> HTTP REQUEST GET https://cloudfunctions.googleapis.com/v1/operations/Z2VvLWNoYXR0ZXJzL3VzLWNlbnRyYWwxL2NoZWNrQWxpYXMvNUVrNUY2ZkRWSlU  
 
[debug] [2019-07-01T21:24:48.076Z] <<< HTTP RESPONSE 200
[debug] [2019-07-01T21:24:50.077Z] >>> HTTP REQUEST GET https://cloudfunctions.googleapis.com/v1/operations/Z2VvLWNoYXR0ZXJzL3VzLWNlbnRyYWwxL2NoZWNrQWxpYXMvNUVrNUY2ZkRWSlU  
 
[debug] [2019-07-01T21:24:50.192Z] <<< HTTP RESPONSE 200
[debug] [2019-07-01T21:24:52.193Z] >>> HTTP REQUEST GET https://cloudfunctions.googleapis.com/v1/operations/Z2VvLWNoYXR0ZXJzL3VzLWNlbnRyYWwxL2NoZWNrQWxpYXMvNUVrNUY2ZkRWSlU  
 
[debug] [2019-07-01T21:24:52.300Z] <<< HTTP RESPONSE 200
[debug] [2019-07-01T21:24:54.301Z] >>> HTTP REQUEST GET https://cloudfunctions.googleapis.com/v1/operations/Z2VvLWNoYXR0ZXJzL3VzLWNlbnRyYWwxL2NoZWNrQWxpYXMvNUVrNUY2ZkRWSlU  
 
[debug] [2019-07-01T21:24:54.426Z] <<< HTTP RESPONSE 200
